\BOOKMARK [1][-]{section*.2}{\376\377\000C\000o\000n\000t\000e\000n\000t\000s}{}% 1
\BOOKMARK [1][-]{section*.3}{\376\377\000A\000G\000I\000L\000E\000\040\000P\000r\000o\000j\000e\000c\000t}{}% 2
\BOOKMARK [2][-]{section*.4}{\376\377\000C\000o\000l\000l\000a\000b\000o\000r\000a\000t\000o\000r\000s}{section*.3}% 3
\BOOKMARK [2][-]{section*.5}{\376\377\000S\000p\000o\000n\000s\000o\000r\000s}{section*.3}% 4
\BOOKMARK [1][-]{section*.6}{\376\377\000F\000i\000g\000u\000r\000e\000s}{}% 5
\BOOKMARK [2][-]{section*.7}{\376\377\000F\000i\000g\000u\000r\000e\000\040\0001}{section*.6}% 6
\BOOKMARK [2][-]{section*.8}{\376\377\000F\000i\000g\000u\000r\000e\000\040\0002}{section*.6}% 7
\BOOKMARK [2][-]{section*.9}{\376\377\000F\000i\000g\000u\000r\000e\000\040\0003}{section*.6}% 8
\BOOKMARK [2][-]{section*.10}{\376\377\000F\000i\000g\000u\000r\000e\000\040\0004}{section*.6}% 9
\BOOKMARK [2][-]{section*.11}{\376\377\000F\000i\000g\000u\000r\000e\000\040\0005}{section*.6}% 10
\BOOKMARK [1][-]{section*.12}{\376\377\000S\000u\000p\000p\000l\000e\000m\000e\000n\000t\000a\000l\000\040\000T\000a\000b\000l\000e\000s}{}% 11
\BOOKMARK [2][-]{section*.13}{\376\377\000S\000u\000p\000p\000l\000e\000m\000e\000n\000t\000a\000l\000\040\000T\000a\000b\000l\000e\000\040\0001}{section*.12}% 12
\BOOKMARK [2][-]{section*.14}{\376\377\000S\000u\000p\000p\000l\000e\000m\000e\000n\000t\000a\000l\000\040\000T\000a\000b\000l\000e\000\040\0002}{section*.12}% 13
\BOOKMARK [1][-]{section*.15}{\376\377\000S\000u\000p\000p\000l\000e\000m\000e\000n\000t\000a\000l\000\040\000F\000i\000g\000u\000r\000e\000s}{}% 14
\BOOKMARK [2][-]{section*.16}{\376\377\000S\000u\000p\000p\000l\000e\000m\000e\000n\000t\000a\000l\000\040\000F\000i\000g\000u\000r\000e\000\040\0001}{section*.15}% 15
\BOOKMARK [2][-]{section*.17}{\376\377\000S\000u\000p\000p\000l\000e\000m\000e\000n\000t\000a\000l\000\040\000F\000i\000g\000u\000r\000e\000\040\0002}{section*.15}% 16
\BOOKMARK [2][-]{section*.18}{\376\377\000S\000u\000p\000p\000l\000e\000m\000e\000n\000t\000a\000l\000\040\000F\000i\000g\000u\000r\000e\000\040\0003}{section*.15}% 17
\BOOKMARK [2][-]{section*.19}{\376\377\000S\000u\000p\000p\000l\000e\000m\000e\000n\000t\000a\000l\000\040\000F\000i\000g\000u\000r\000e\000\040\0004}{section*.15}% 18
\BOOKMARK [2][-]{section*.20}{\376\377\000S\000u\000p\000p\000l\000e\000m\000e\000n\000t\000a\000l\000\040\000F\000i\000g\000u\000r\000e\000\040\0005}{section*.15}% 19
\BOOKMARK [1][-]{section*.21}{\376\377\000A\000d\000d\000i\000t\000i\000o\000n\000a\000l\000\040\000F\000i\000g\000u\000r\000e\000s}{}% 20
\BOOKMARK [2][-]{section*.22}{\376\377\000P\000h\000e\000n\000o\000t\000y\000p\000e\000\040\000D\000a\000t\000a}{section*.21}% 21
\BOOKMARK [2][-]{section*.23}{\376\377\000G\000r\000o\000u\000p\000e\000d\000\040\000M\000a\000n\000h\000a\000t\000t\000a\000n\000\040\000P\000l\000o\000t\000s}{section*.21}% 22
\BOOKMARK [2][-]{section*.30}{\376\377\000F\000a\000c\000e\000t\000t\000e\000d\000\040\000\046\000\040\000M\000u\000l\000t\000i\000-\000M\000o\000d\000e\000l\000e\000d\000\040\000M\000a\000n\000h\000a\000t\000t\000a\000n\000\040\000P\000l\000o\000t\000s}{section*.21}% 23
